<?xml version="1.0" encoding="UTF-8"?>
<testsuites tests="3" skipped="1">
	<testsuite name="github.com/kyma-project/kyma/tests/components/istio" tests="3" failures="0" errors="0" id="0" hostname="C02XC4HJJGH6" skipped="1" time="2.520" timestamp="2022-06-10T13:23:28+02:00">
		<testcase name="TestIstioInstalledEvaluation" classname="github.com/kyma-project/kyma/tests/components/istio" time="0.000">
			<skipped message="Skipped"><![CDATA[    istio_installed_test.go:84: ]]></skipped>
		</testcase>
		<testcase name="TestIstioInstalledProduction" classname="github.com/kyma-project/kyma/tests/components/istio" time="1.260">
			<system-out><![CDATA[[1;37mFeature:[0m Istio is installed
  Istio needs to be installed
  as the core prerequisite.]]></system-out>
		</testcase>
		<testcase name="TestIstioInstalledProduction/Istio_component_installed_in_production_profile_has_all_required_pods_running" classname="github.com/kyma-project/kyma/tests/components/istio" time="1.260">
			<system-out><![CDATA[
  [1;37mScenario:[0m Istio component installed in production profile has all required pods running [1;30m# features/istio_installed/istio_production.feature:5[0m
    [32mGiven[0m [32ma running Kyma cluster with "production" profile[0m                                [1;30m# <autogenerated>:1 -> *istioInstallledCase[0m
    [32mWhen[0m [32mIstio component is installed[0m                                                     [1;30m# <autogenerated>:1 -> *istioInstallledCase[0m
    [32mThen[0m [32mthere is 2 pod for Pilot[0m                                                         [1;30m# <autogenerated>:1 -> *istioInstallledCase[0m
    [32mAnd[0m [32mthere is 3 pod for Ingress gateway[0m                                                [1;30m# <autogenerated>:1 -> *istioInstallledCase[0m
    [32mAnd[0m [32mIstio pods are available[0m                                                          [1;30m# <autogenerated>:1 -> *istioInstallledCase[0m
    [32mAnd[0m [32mHPA is deployed[0m                                                                   [1;30m# <autogenerated>:1 -> *istioInstallledCase[0m

1 scenarios ([32m1 passed[0m)
6 steps ([32m6 passed[0m)
1.263247751s]]></system-out>
		</testcase>
	</testsuite>
</testsuites>
