<?xml version="1.0" encoding="UTF-8"?>
<testsuites name="evaluation" tests="1" skipped="0" failures="1" errors="0" time="0.431248963">
  <testsuite name="Istio is installed" tests="1" skipped="0" failures="1" errors="0" time="0.430473906">
    <testcase name="Istio component installed in evaluation profile has all required pods running" status="failed" time="0.430473906">
      <failure message="Step there is 1 pod for Pilot: number of deployed Pilot pods 2 does not equal 1"></failure>
      <error message="Step there is 1 pod for Ingress gateway" type="skipped"></error>
      <error message="Step Istio pods are available" type="skipped"></error>
      <error message="Step HPA is not deployed" type="skipped"></error>
    </testcase>
  </testsuite>
</testsuites>